2014-09-23 15:05:59-0500 [-] Log opened.
2014-09-23 15:05:59-0500 [-] twistd 14.0.2 (/home/mrrrgn/.virtualenvs/poetry/bin/python 2.7.6) starting up.
2014-09-23 15:05:59-0500 [-] reactor class: twisted.internet.epollreactor.EPollReactor.
2014-09-23 15:05:59-0500 [-] Starting BuildMaster -- buildbot.version: 0.8.9
2014-09-23 15:05:59-0500 [-] Loading configuration from '/home/mrrrgn/Dropbox/projects/django/poetry/buildbot/master/master.cfg'
2014-09-23 15:05:59-0500 [-] Configuration Errors:
2014-09-23 15:05:59-0500 [-]   builder 'runtests' uses unknown slaves 'example-slave'
2014-09-23 15:05:59-0500 [-] Halting master.
2014-09-23 15:05:59-0500 [-] Main loop terminated.
2014-09-23 15:05:59-0500 [-] Server Shut Down.
2014-09-23 15:07:23-0500 [-] Log opened.
2014-09-23 15:07:23-0500 [-] twistd 14.0.2 (/home/mrrrgn/.virtualenvs/poetry/bin/python 2.7.6) starting up.
2014-09-23 15:07:23-0500 [-] reactor class: twisted.internet.epollreactor.EPollReactor.
2014-09-23 15:07:23-0500 [-] Starting BuildMaster -- buildbot.version: 0.8.9
2014-09-23 15:07:23-0500 [-] Loading configuration from '/home/mrrrgn/Dropbox/projects/django/poetry/buildbot/master/master.cfg'
2014-09-23 15:07:23-0500 [-] Configuration Errors:
2014-09-23 15:07:23-0500 [-]   builder(s) ansiblerun have no schedulers to drive them
2014-09-23 15:07:23-0500 [-]   Unknown builder 'runtests' in scheduler 'all'
2014-09-23 15:07:23-0500 [-]   Unknown builder 'runtests' in scheduler 'force'
2014-09-23 15:07:23-0500 [-] Halting master.
2014-09-23 15:07:23-0500 [-] Main loop terminated.
2014-09-23 15:07:23-0500 [-] Server Shut Down.
2014-09-23 15:07:51-0500 [-] Log opened.
2014-09-23 15:07:51-0500 [-] twistd 14.0.2 (/home/mrrrgn/.virtualenvs/poetry/bin/python 2.7.6) starting up.
2014-09-23 15:07:51-0500 [-] reactor class: twisted.internet.epollreactor.EPollReactor.
2014-09-23 15:07:51-0500 [-] Starting BuildMaster -- buildbot.version: 0.8.9
2014-09-23 15:07:51-0500 [-] Loading configuration from '/home/mrrrgn/Dropbox/projects/django/poetry/buildbot/master/master.cfg'
2014-09-23 15:07:51-0500 [-] Setting up database with URL 'sqlite:///state.sqlite'
2014-09-23 15:07:51-0500 [-] setting database journal mode to 'wal'
2014-09-23 15:07:51-0500 [-] adding 1 new changesources, removing 0
2014-09-23 15:07:51-0500 [-] gitpoller: using workdir '/home/mrrrgn/Dropbox/projects/django/poetry/buildbot/master/gitpoller-workdir'
2014-09-23 15:07:51-0500 [-] adding 1 new slaves, removing 0
2014-09-23 15:07:51-0500 [-] adding 1 new builders, removing 0
2014-09-23 15:07:51-0500 [-] trying to load status pickle from /home/mrrrgn/Dropbox/projects/django/poetry/buildbot/master/ansiblerun/builder
2014-09-23 15:07:51-0500 [-] no saved status pickle, creating a new one
2014-09-23 15:07:51-0500 [-] added builder ansiblerun in category 
2014-09-23 15:07:51-0500 [-] PBServerFactory starting on 9989
2014-09-23 15:07:51-0500 [-] Starting factory <twisted.spread.pb.PBServerFactory instance at 0x7fe24eb77c68>
2014-09-23 15:07:51-0500 [-] adding scheduler 'all'
2014-09-23 15:07:51-0500 [-] adding scheduler 'force'
2014-09-23 15:07:51-0500 [-] WebStatus using (/home/mrrrgn/Dropbox/projects/django/poetry/buildbot/master/public_html)
2014-09-23 15:07:51-0500 [-] RotateLogSite starting on 8010
2014-09-23 15:07:51-0500 [-] Starting factory <buildbot.status.web.baseweb.RotateLogSite instance at 0x7fe24d33d0e0>
2014-09-23 15:07:51-0500 [-] Setting up http.log rotating 10 files of 10000000 bytes each
2014-09-23 15:07:51-0500 [-] BuildMaster is running
2014-09-23 15:08:12-0500 [Broker,0,127.0.0.1] slave 'slave1' attaching from IPv4Address(TCP, '127.0.0.1', 39217)
2014-09-23 15:08:12-0500 [Broker,0,127.0.0.1] Got slaveinfo from 'slave1'
2014-09-23 15:08:12-0500 [Broker,0,127.0.0.1] Starting buildslave keepalive timer for 'slave1'
2014-09-23 15:08:12-0500 [Broker,0,127.0.0.1] bot attached
2014-09-23 15:08:12-0500 [Broker,0,127.0.0.1] Buildslave slave1 attached to ansiblerun
2014-09-23 15:11:51-0500 [-] gitpoller: processing 0 changes: [] from "git://github.com/mrrrgn/linuxpoetry.git"
2014-09-23 15:13:51-0500 [-] gitpoller: processing 0 changes: [] from "git://github.com/mrrrgn/linuxpoetry.git"
2014-09-23 15:15:57-0500 [-] gitpoller: processing 0 changes: [] from "git://github.com/mrrrgn/linuxpoetry.git"
2014-09-23 15:16:46-0500 [Broker,0,127.0.0.1] BuildSlave.detached(slave1)
2014-09-23 15:16:46-0500 [Broker,0,127.0.0.1] releaseLocks(<BuildSlave 'slave1'>): []
2014-09-23 15:16:46-0500 [Broker,0,127.0.0.1] Buildslave slave1 detached from ansiblerun
2014-09-23 15:16:58-0500 [-] Received SIGTERM, shutting down.
2014-09-23 15:16:58-0500 [-] (TCP Port 8010 Closed)
2014-09-23 15:16:58-0500 [-] Stopping factory <buildbot.status.web.baseweb.RotateLogSite instance at 0x7fe24d33d0e0>
2014-09-23 15:16:58-0500 [-] (TCP Port 9989 Closed)
2014-09-23 15:16:58-0500 [-] Stopping factory <twisted.spread.pb.PBServerFactory instance at 0x7fe24eb77c68>
2014-09-23 15:16:58-0500 [-] Main loop terminated.
2014-09-23 15:16:58-0500 [-] Server Shut Down.
2014-09-23 15:27:25-0500 [-] Log opened.
2014-09-23 15:27:25-0500 [-] twistd 14.0.2 (/home/mrrrgn/.virtualenvs/poetry/bin/python 2.7.6) starting up.
2014-09-23 15:27:25-0500 [-] reactor class: twisted.internet.epollreactor.EPollReactor.
2014-09-23 15:27:25-0500 [-] Starting BuildMaster -- buildbot.version: 0.8.9
2014-09-23 15:27:25-0500 [-] Loading configuration from '/home/mrrrgn/Dropbox/projects/django/poetry/buildbot/master/master.cfg'
2014-09-23 15:27:25-0500 [-] Setting up database with URL 'sqlite:///state.sqlite'
2014-09-23 15:27:25-0500 [-] setting database journal mode to 'wal'
2014-09-23 15:27:25-0500 [-] adding 1 new changesources, removing 0
2014-09-23 15:27:25-0500 [-] gitpoller: using workdir '/home/mrrrgn/Dropbox/projects/django/poetry/buildbot/master/gitpoller-workdir'
2014-09-23 15:27:25-0500 [-] adding 1 new slaves, removing 0
2014-09-23 15:27:25-0500 [-] adding 1 new builders, removing 0
2014-09-23 15:27:25-0500 [-] trying to load status pickle from /home/mrrrgn/Dropbox/projects/django/poetry/buildbot/master/ansiblerun/builder
2014-09-23 15:27:25-0500 [-] added builder ansiblerun in category 
2014-09-23 15:27:25-0500 [-] PBServerFactory starting on 9989
2014-09-23 15:27:25-0500 [-] Starting factory <twisted.spread.pb.PBServerFactory instance at 0x7ffda6940050>
2014-09-23 15:27:25-0500 [-] adding scheduler 'all'
2014-09-23 15:27:25-0500 [-] adding scheduler 'force'
2014-09-23 15:27:25-0500 [-] WebStatus using (/home/mrrrgn/Dropbox/projects/django/poetry/buildbot/master/public_html)
2014-09-23 15:27:25-0500 [-] RotateLogSite starting on 8010
2014-09-23 15:27:25-0500 [-] Starting factory <buildbot.status.web.baseweb.RotateLogSite instance at 0x7ffda48f8170>
2014-09-23 15:27:25-0500 [-] Setting up http.log rotating 10 files of 10000000 bytes each
2014-09-23 15:27:25-0500 [-] BuildMaster is running
2014-09-23 15:29:31-0500 [-] /home/mrrrgn/.virtualenvs/poetry/local/lib/python2.7/site-packages/twisted/internet/utils.py:30: exceptions.DeprecationWarning: Argument strings and environment keys/values passed to reactor.spawnProcess should be str, not unicode.
2014-09-23 15:29:31-0500 [-] gitpoller: processing 0 changes: [] from "git://github.com/mrrrgn/linuxpoetry.git"
2014-09-23 15:30:59-0500 [-] beginning configuration update
2014-09-23 15:30:59-0500 [-] Loading configuration from '/home/mrrrgn/Dropbox/projects/django/poetry/buildbot/master/master.cfg'
2014-09-23 15:30:59-0500 [-] adding 1 new changesources, removing 1
2014-09-23 15:30:59-0500 [-] gitpoller: using workdir '/home/mrrrgn/Dropbox/projects/django/poetry/buildbot/master/gitpoller-workdir'
2014-09-23 15:30:59-0500 [-] removing scheduler 'force'
2014-09-23 15:30:59-0500 [-] adding scheduler 'force'
2014-09-23 15:30:59-0500 [-] (TCP Port 8010 Closed)
2014-09-23 15:30:59-0500 [-] Stopping factory <buildbot.status.web.baseweb.RotateLogSite instance at 0x7ffda48f8170>
2014-09-23 15:30:59-0500 [-] WebStatus using (/home/mrrrgn/Dropbox/projects/django/poetry/buildbot/master/public_html)
2014-09-23 15:30:59-0500 [-] RotateLogSite starting on 8010
2014-09-23 15:30:59-0500 [-] Starting factory <buildbot.status.web.baseweb.RotateLogSite instance at 0x7ffda491a440>
2014-09-23 15:30:59-0500 [-] Setting up http.log rotating 10 files of 10000000 bytes each
2014-09-23 15:30:59-0500 [-] configuration update complete
2014-09-23 15:31:10-0500 [Broker,0,127.0.0.1] slave 'slave1' attaching from IPv4Address(TCP, '127.0.0.1', 39567)
2014-09-23 15:31:10-0500 [Broker,0,127.0.0.1] Got slaveinfo from 'slave1'
2014-09-23 15:31:10-0500 [Broker,0,127.0.0.1] Starting buildslave keepalive timer for 'slave1'
2014-09-23 15:31:10-0500 [Broker,0,127.0.0.1] bot attached
2014-09-23 15:31:10-0500 [Broker,0,127.0.0.1] Buildslave slave1 attached to ansiblerun
2014-09-23 15:31:56-0500 [-] added buildset 1 to database
2014-09-23 15:31:56-0500 [-] starting build <Build ansiblerun> using slave <SlaveBuilder builder='ansiblerun' slave='slave1'>
2014-09-23 15:31:56-0500 [-] acquireLocks(slave <BuildSlave 'slave1'>, locks [])
2014-09-23 15:31:56-0500 [-] starting build <Build ansiblerun>.. pinging the slave <SlaveBuilder builder='ansiblerun' slave='slave1'>
2014-09-23 15:31:56-0500 [-] sending ping
2014-09-23 15:31:56-0500 [Broker,0,127.0.0.1] ping finished: success
2014-09-23 15:31:56-0500 [-] <Build ansiblerun>.startBuild
2014-09-23 15:31:56-0500 [-] ShellCommand.startCommand(cmd=<RemoteShellCommand '['/home/mrrrgn/Dropbox/projects/django/poetry/buildbot/master/vagrant', 'up']'>)
2014-09-23 15:31:56-0500 [-]   cmd.args = {'workdir': 'build', 'env': None, 'want_stderr': 1, 'logEnviron': True, 'sigtermTime': None, 'logfiles': {}, 'timeout': 1200, 'want_stdout': 1, 'usePTY': 'slave-config', 'maxTime': None, 'initial_stdin': None}
2014-09-23 15:31:56-0500 [-] <RemoteShellCommand '['/home/mrrrgn/Dropbox/projects/django/poetry/buildbot/master/vagrant', 'up']'>: RemoteCommand.run [0]
2014-09-23 15:31:56-0500 [-] command '['/home/mrrrgn/Dropbox/projects/django/poetry/buildbot/master/vagrant', 'up']' in dir 'build'
2014-09-23 15:31:56-0500 [Broker,0,127.0.0.1] <RemoteShellCommand '['/home/mrrrgn/Dropbox/projects/django/poetry/buildbot/master/vagrant', 'up']'> rc=1
2014-09-23 15:31:56-0500 [-] closing log <buildbot.status.logfile.LogFile instance at 0x7ffda47e99e0>
2014-09-23 15:31:56-0500 [-] releaseLocks(<buildbot.steps.shell.ShellCommand object at 0x7ffda48bea50>): []
2014-09-23 15:31:56-0500 [-]  step 'shell' complete: failure
2014-09-23 15:31:56-0500 [-]  <Build ansiblerun>: build finished
2014-09-23 15:31:56-0500 [-] releaseLocks(<BuildSlave 'slave1'>): []
2014-09-23 15:33:00-0500 [-] /home/mrrrgn/.virtualenvs/poetry/local/lib/python2.7/site-packages/twisted/internet/utils.py:30: exceptions.DeprecationWarning: Argument strings and environment keys/values passed to reactor.spawnProcess should be str, not unicode.
2014-09-23 15:33:00-0500 [-] gitpoller: processing 0 changes: [] from "git://github.com/mrrrgn/linuxpoetry.git"
2014-09-23 15:35:01-0500 [-] gitpoller: processing 0 changes: [] from "git://github.com/mrrrgn/linuxpoetry.git"
2014-09-23 15:36:04-0500 [-] Received SIGTERM, shutting down.
2014-09-23 15:36:04-0500 [-] (TCP Port 8010 Closed)
2014-09-23 15:36:04-0500 [-] Stopping factory <buildbot.status.web.baseweb.RotateLogSite instance at 0x7ffda491a440>
2014-09-23 15:36:04-0500 [Broker,0,127.0.0.1] BuildSlave.detached(slave1)
2014-09-23 15:36:04-0500 [Broker,0,127.0.0.1] releaseLocks(<BuildSlave 'slave1'>): []
2014-09-23 15:36:04-0500 [Broker,0,127.0.0.1] Buildslave slave1 detached from ansiblerun
2014-09-23 15:36:04-0500 [-] (TCP Port 9989 Closed)
2014-09-23 15:36:04-0500 [-] Stopping factory <twisted.spread.pb.PBServerFactory instance at 0x7ffda6940050>
2014-09-23 15:36:04-0500 [-] Main loop terminated.
2014-09-23 15:36:04-0500 [-] Server Shut Down.
