2014-09-23 15:04:41-0500 [-] Log opened.
2014-09-23 15:04:41-0500 [-] twistd 14.0.2 (/home/mrrrgn/.virtualenvs/poetry/bin/python 2.7.6) starting up.
2014-09-23 15:04:41-0500 [-] reactor class: twisted.internet.epollreactor.EPollReactor.
2014-09-23 15:04:41-0500 [-] Starting BuildSlave -- version: 0.8.9
2014-09-23 15:04:41-0500 [-] recording hostname in twistd.hostname
2014-09-23 15:04:41-0500 [-] Starting factory <buildslave.bot.BotFactory instance at 0x7fd4866e11b8>
2014-09-23 15:04:41-0500 [-] Connecting to localhost:9989
2014-09-23 15:04:41-0500 [Uninitialized] Connection to localhost:9989 failed: Connection Refused
2014-09-23 15:04:41-0500 [Uninitialized] <twisted.internet.tcp.Connector instance at 0x7fd4866e1440> will retry in 2 seconds
2014-09-23 15:04:41-0500 [Uninitialized] Stopping factory <buildslave.bot.BotFactory instance at 0x7fd4866e11b8>
2014-09-23 15:04:43-0500 [-] Starting factory <buildslave.bot.BotFactory instance at 0x7fd4866e11b8>
2014-09-23 15:04:43-0500 [-] Connecting to localhost:9989
2014-09-23 15:04:43-0500 [Uninitialized] Connection to localhost:9989 failed: Connection Refused
2014-09-23 15:04:43-0500 [Uninitialized] <twisted.internet.tcp.Connector instance at 0x7fd4866e1440> will retry in 6 seconds
2014-09-23 15:04:43-0500 [Uninitialized] Stopping factory <buildslave.bot.BotFactory instance at 0x7fd4866e11b8>
2014-09-23 15:04:49-0500 [-] Starting factory <buildslave.bot.BotFactory instance at 0x7fd4866e11b8>
2014-09-23 15:04:49-0500 [-] Connecting to localhost:9989
2014-09-23 15:04:49-0500 [Uninitialized] Connection to localhost:9989 failed: Connection Refused
2014-09-23 15:04:49-0500 [Uninitialized] <twisted.internet.tcp.Connector instance at 0x7fd4866e1440> will retry in 17 seconds
2014-09-23 15:04:49-0500 [Uninitialized] Stopping factory <buildslave.bot.BotFactory instance at 0x7fd4866e11b8>
2014-09-23 15:05:07-0500 [-] Starting factory <buildslave.bot.BotFactory instance at 0x7fd4866e11b8>
2014-09-23 15:05:07-0500 [-] Connecting to localhost:9989
2014-09-23 15:05:07-0500 [Uninitialized] Connection to localhost:9989 failed: Connection Refused
2014-09-23 15:05:07-0500 [Uninitialized] <twisted.internet.tcp.Connector instance at 0x7fd4866e1440> will retry in 41 seconds
2014-09-23 15:05:07-0500 [Uninitialized] Stopping factory <buildslave.bot.BotFactory instance at 0x7fd4866e11b8>
2014-09-23 15:05:31-0500 [-] Received SIGTERM, shutting down.
2014-09-23 15:05:31-0500 [-] Main loop terminated.
2014-09-23 15:05:31-0500 [-] Server Shut Down.
2014-09-23 15:08:12-0500 [-] Log opened.
2014-09-23 15:08:12-0500 [-] twistd 14.0.2 (/home/mrrrgn/.virtualenvs/poetry/bin/python 2.7.6) starting up.
2014-09-23 15:08:12-0500 [-] reactor class: twisted.internet.epollreactor.EPollReactor.
2014-09-23 15:08:12-0500 [-] Starting BuildSlave -- version: 0.8.9
2014-09-23 15:08:12-0500 [-] recording hostname in twistd.hostname
2014-09-23 15:08:12-0500 [-] Starting factory <buildslave.bot.BotFactory instance at 0x7f741372c1b8>
2014-09-23 15:08:12-0500 [-] Connecting to localhost:9989
2014-09-23 15:08:12-0500 [Broker,client] message from master: attached
2014-09-23 15:08:12-0500 [Broker,client] SlaveBuilder.remote_print(ansiblerun): message from master: attached
2014-09-23 15:08:12-0500 [Broker,client] Connected to localhost:9989; slave is ready
2014-09-23 15:08:12-0500 [Broker,client] sending application-level keepalives every 600 seconds
2014-09-23 15:16:46-0500 [-] Received SIGTERM, shutting down.
2014-09-23 15:16:46-0500 [Broker,client] lost remote
2014-09-23 15:16:46-0500 [Broker,client] Lost connection to localhost:9989
2014-09-23 15:16:46-0500 [Broker,client] Stopping factory <buildslave.bot.BotFactory instance at 0x7f741372c1b8>
2014-09-23 15:16:46-0500 [-] Main loop terminated.
2014-09-23 15:16:46-0500 [-] Server Shut Down.
2014-09-23 15:31:10-0500 [-] Log opened.
2014-09-23 15:31:10-0500 [-] twistd 14.0.2 (/home/mrrrgn/.virtualenvs/poetry/bin/python 2.7.6) starting up.
2014-09-23 15:31:10-0500 [-] reactor class: twisted.internet.epollreactor.EPollReactor.
2014-09-23 15:31:10-0500 [-] Starting BuildSlave -- version: 0.8.9
2014-09-23 15:31:10-0500 [-] recording hostname in twistd.hostname
2014-09-23 15:31:10-0500 [-] Starting factory <buildslave.bot.BotFactory instance at 0x7fab4f5661b8>
2014-09-23 15:31:10-0500 [-] Connecting to localhost:9989
2014-09-23 15:31:10-0500 [Broker,client] message from master: attached
2014-09-23 15:31:10-0500 [Broker,client] SlaveBuilder.remote_print(ansiblerun): message from master: attached
2014-09-23 15:31:10-0500 [Broker,client] Connected to localhost:9989; slave is ready
2014-09-23 15:31:10-0500 [Broker,client] sending application-level keepalives every 600 seconds
2014-09-23 15:31:56-0500 [Broker,client] SlaveBuilder.remote_print(ansiblerun): message from master: ping
2014-09-23 15:31:56-0500 [Broker,client]  startCommand:shell [id 0]
2014-09-23 15:31:56-0500 [Broker,client] RunProcess._startCommand
2014-09-23 15:31:56-0500 [Broker,client]  /home/mrrrgn/Dropbox/projects/django/poetry/buildbot/master/vagrant up
2014-09-23 15:31:56-0500 [Broker,client]   in dir /home/mrrrgn/Dropbox/projects/django/poetry/buildbot/master/slave1/ansiblerun/build (timeout 1200 secs)
2014-09-23 15:31:56-0500 [Broker,client]   watching logfiles {}
2014-09-23 15:31:56-0500 [Broker,client]   argv: ['/home/mrrrgn/Dropbox/projects/django/poetry/buildbot/master/vagrant', 'up']
2014-09-23 15:31:56-0500 [Broker,client]  environment: {'MDMSESSION': 'default', 'GNOME_DESKTOP_SESSION_ID': 'this-is-deprecated', 'GJS_DEBUG_OUTPUT': 'stderr', 'XDG_CURRENT_DESKTOP': 'X-Cinnamon', 'MDM_LANG': 'en_US.UTF-8', 'LOGNAME': 'mrrrgn', 'USER': 'mrrrgn', 'PATH': '/home/mrrrgn/.virtualenvs/poetry/bin:/usr/local/sbin:/usr/local/bin:/usr/sbin:/usr/bin:/sbin:/bin:/usr/games:/usr/local/games', 'XDG_VTNR': '8', 'GNOME_KEYRING_CONTROL': '/run/user/1000/keyring-eYmblh', 'VIRTUALENVWRAPPER_SCRIPT': '/usr/local/bin/virtualenvwrapper.sh', 'DISPLAY': ':0', 'SSH_AGENT_PID': '1928', 'LANG': 'en_US.UTF-8', 'TERM': 'screen', 'SHELL': '/bin/bash', 'XAUTHORITY': '/home/mrrrgn/.Xauthority', 'SESSION_MANAGER': 'local/m:@/tmp/.ICE-unix/1756,unix/m:/tmp/.ICE-unix/1756', 'SHLVL': '2', 'MANDATORY_PATH': '/usr/share/gconf/default.mandatory.path', 'TEXTDOMAIN': 'im-config', 'WINDOWPATH': '8', 'GPG_AGENT_INFO': '/run/user/1000/keyring-eYmblh/gpg:0:1', 'HOME': '/home/mrrrgn', 'USERNAME': 'mrrrgn', 'WORKON_HOME': '/home/mrrrgn/.virtualenvs', 'GDM_XSERVER_LOCATION': 'local', 'XDG_RUNTIME_DIR': '/run/user/1000', 'VIRTUALENVWRAPPER_HOOK_DIR': '/home/mrrrgn/.virtualenvs', 'SSH_AUTH_SOCK': '/run/user/1000/keyring-eYmblh/ssh', 'CINNAMON_VERSION': '2.2.13', 'VIRTUAL_ENV': '/home/mrrrgn/.virtualenvs/poetry', 'TMUX': '/tmp/tmux-1000/default,6488,0', 'VTE_VERSION': '3409', 'GDMSESSION': 'default', 'DEFAULTS_PATH': '/usr/share/gconf/default.default.path', 'TEXTDOMAINDIR': '/usr/share/locale/', 'PS1': '(poetry)${debian_chroot:+($debian_chroot)}\\[\\033[01;32m\\]\\u@\\h\\[\\033[01;34m\\] \\w \\$\\[\\033[00m\\] ', 'XDG_SESSION_ID': 'c1', 'DBUS_SESSION_BUS_ADDRESS': 'unix:abstract=/tmp/dbus-eZRcABAcqm,guid=72800218f6fea45c8d2f34365420e1d7', '_': '/home/mrrrgn/.virtualenvs/poetry/bin/buildslave', 'XDG_SESSION_COOKIE': 'c0e595af0edeae74657cce725413ab82-1411441110.977196-1728787848', 'VIRTUALENVWRAPPER_PROJECT_FILENAME': '.project', 'DESKTOP_SESSION': 'default', 'WINDOWID': '27262983', 'XDG_CONFIG_DIRS': '/etc/xdg/xdg-default:/etc/xdg', 'GNOME_KEYRING_PID': '1680', 'OLDPWD': '/home/mrrrgn/Dropbox/projects/django/poetry/buildbot', 'MDM_XSERVER_LOCATION': 'local', 'XDG_DATA_DIRS': '/usr/share/default:/usr/share/gnome:/usr/local/share/:/usr/share/:/usr/share/mdm/', 'PWD': '/home/mrrrgn/Dropbox/projects/django/poetry/buildbot/master/slave1/ansiblerun/build', 'COLORTERM': 'gnome-terminal', 'XDG_SESSION_DESKTOP': 'default', 'LS_COLORS': 'rs=0:di=01;34:ln=01;36:mh=00:pi=40;33:so=01;35:do=01;35:bd=40;33;01:cd=40;33;01:or=40;31;01:su=37;41:sg=30;43:ca=30;41:tw=30;42:ow=34;42:st=37;44:ex=01;32:*.tar=01;31:*.tgz=01;31:*.arj=01;31:*.taz=01;31:*.lzh=01;31:*.lzma=01;31:*.tlz=01;31:*.txz=01;31:*.zip=01;31:*.z=01;31:*.Z=01;31:*.dz=01;31:*.gz=01;31:*.lz=01;31:*.xz=01;31:*.bz2=01;31:*.bz=01;31:*.tbz=01;31:*.tbz2=01;31:*.tz=01;31:*.deb=01;31:*.rpm=01;31:*.jar=01;31:*.war=01;31:*.ear=01;31:*.sar=01;31:*.rar=01;31:*.ace=01;31:*.zoo=01;31:*.cpio=01;31:*.7z=01;31:*.rz=01;31:*.jpg=01;35:*.jpeg=01;35:*.gif=01;35:*.bmp=01;35:*.pbm=01;35:*.pgm=01;35:*.ppm=01;35:*.tga=01;35:*.xbm=01;35:*.xpm=01;35:*.tif=01;35:*.tiff=01;35:*.png=01;35:*.svg=01;35:*.svgz=01;35:*.mng=01;35:*.pcx=01;35:*.mov=01;35:*.mpg=01;35:*.mpeg=01;35:*.m2v=01;35:*.mkv=01;35:*.webm=01;35:*.ogm=01;35:*.mp4=01;35:*.m4v=01;35:*.mp4v=01;35:*.vob=01;35:*.qt=01;35:*.nuv=01;35:*.wmv=01;35:*.asf=01;35:*.rm=01;35:*.rmvb=01;35:*.flc=01;35:*.avi=01;35:*.fli=01;35:*.flv=01;35:*.gl=01;35:*.dl=01;35:*.xcf=01;35:*.xwd=01;35:*.yuv=01;35:*.cgm=01;35:*.emf=01;35:*.axv=01;35:*.anx=01;35:*.ogv=01;35:*.ogx=01;35:*.aac=00;36:*.au=00;36:*.flac=00;36:*.mid=00;36:*.midi=00;36:*.mka=00;36:*.mp3=00;36:*.mpc=00;36:*.ogg=00;36:*.ra=00;36:*.wav=00;36:*.axa=00;36:*.oga=00;36:*.spx=00;36:*.xspf=00;36:', 'GJS_DEBUG_TOPICS': 'JS ERROR;JS LOG', 'TMUX_PANE': '%11', 'XDG_SEAT': 'seat0'}
2014-09-23 15:31:56-0500 [Broker,client]   using PTY: False
2014-09-23 15:31:56-0500 [-] command finished with signal None, exit code 1, elapsedTime: 0.003473
2014-09-23 15:31:56-0500 [-] SlaveBuilder.commandComplete <buildslave.commands.shell.SlaveShellCommand instance at 0x7fab4f4fba70>
2014-09-23 15:36:04-0500 [Broker,client] lost remote
2014-09-23 15:36:04-0500 [Broker,client] Lost connection to localhost:9989
2014-09-23 15:36:04-0500 [Broker,client] <twisted.internet.tcp.Connector instance at 0x7fab4f566440> will retry in 2 seconds
2014-09-23 15:36:04-0500 [Broker,client] Stopping factory <buildslave.bot.BotFactory instance at 0x7fab4f5661b8>
2014-09-23 15:36:07-0500 [-] Starting factory <buildslave.bot.BotFactory instance at 0x7fab4f5661b8>
2014-09-23 15:36:07-0500 [-] Connecting to localhost:9989
2014-09-23 15:36:07-0500 [Uninitialized] Connection to localhost:9989 failed: Connection Refused
2014-09-23 15:36:07-0500 [Uninitialized] <twisted.internet.tcp.Connector instance at 0x7fab4f566440> will retry in 7 seconds
2014-09-23 15:36:07-0500 [Uninitialized] Stopping factory <buildslave.bot.BotFactory instance at 0x7fab4f5661b8>
2014-09-23 15:36:08-0500 [-] Received SIGTERM, shutting down.
2014-09-23 15:36:08-0500 [-] Main loop terminated.
2014-09-23 15:36:08-0500 [-] Server Shut Down.
